<?xml version="1.0" encoding="UTF-8"?>
<!-- Generated by org.testng.reporters.JUnitXMLReporter -->
<testsuite hostname="Ola-PC" name="ExpediaFlightBookingTests" tests="4" failures="1" timestamp="3 Apr 2016 19:28:21 GMT" time="46.884" errors="0">
  <testcase name="simpleFlightTest" time="13.249" classname="TestCases.selectFlights">
    <failure type="java.lang.AssertionError" message="expected [false] but found [true]">
      <![CDATA[java.lang.AssertionError: expected [false] but found [true]
	at page.classes.ExpediaHomePageFactory.simpleFlight(ExpediaHomePageFactory.java:124)
	at TestCases.selectFlights.simpleFlightTest(selectFlights.java:60)
... Removed 28 stack frames]]>
    </failure>
  </testcase> <!-- simpleFlightTest -->
  <testcase name="simpleFlightTest" time="4.679" classname="TestCases.selectFlights"/>
  <testcase name="simpleFlightTest" time="5.411" classname="TestCases.selectFlights"/>
  <testcase name="secondTestMethod" time="0.0" classname="TestCases.selectFlights"/>
</testsuite> <!-- ExpediaFlightBookingTests -->
